<?xml version="1.0" encoding="UTF-8"?>
<testng-results ignored="0" total="4" passed="4" failed="0" skipped="0">
  <reporter-output>
  </reporter-output>
  <suite started-at="2024-12-01T21:11:22 IST" name="Suite" finished-at="2024-12-01T21:12:08 IST" duration-ms="45986">
    <groups>
    </groups>
    <test started-at="2024-12-01T21:11:22 IST" name="Test" finished-at="2024-12-01T21:12:08 IST" duration-ms="45986">
      <class name="testCases.UseCase_2">
        <test-method is-config="true" signature="setUp(java.lang.String)[pri:0, instance:testCases.UseCase_2@4c12331b]" started-at="2024-12-01T21:11:22 IST" name="setUp" finished-at="2024-12-01T21:11:26 IST" duration-ms="4536" status="PASS">
          <params>
            <param index="0">
              <value>
                <![CDATA[https://opensource-demo.orangehrmlive.com/web/index.php/auth/login]]>
              </value>
            </param>
          </params>
          <reporter-output>
          </reporter-output>
        </test-method> <!-- setUp -->
        <test-method signature="veryfyHRMLogin(java.lang.String,java.lang.String,java.lang.String)[pri:0, instance:testCases.UseCase_2@4c12331b]" started-at="2024-12-01T21:11:29 IST" name="veryfyHRMLogin" data-provider="LoginData" finished-at="2024-12-01T21:11:33 IST" duration-ms="4454" status="PASS">
          <params>
            <param index="0">
              <value>
                <![CDATA[Admin]]>
              </value>
            </param>
            <param index="1">
              <value>
                <![CDATA[admin123]]>
              </value>
            </param>
            <param index="2">
              <value>
                <![CDATA[valid]]>
              </value>
            </param>
          </params>
          <reporter-output>
          </reporter-output>
        </test-method> <!-- veryfyHRMLogin -->
        <test-method signature="veryfyHRMLogin(java.lang.String,java.lang.String,java.lang.String)[pri:0, instance:testCases.UseCase_2@4c12331b]" started-at="2024-12-01T21:11:33 IST" name="veryfyHRMLogin" data-provider="LoginData" finished-at="2024-12-01T21:11:44 IST" duration-ms="11243" status="PASS">
          <params>
            <param index="0">
              <value>
                <![CDATA[admin123]]>
              </value>
            </param>
            <param index="1">
              <value>
                <![CDATA[admin123]]>
              </value>
            </param>
            <param index="2">
              <value>
                <![CDATA[invalid]]>
              </value>
            </param>
          </params>
          <reporter-output>
          </reporter-output>
        </test-method> <!-- veryfyHRMLogin -->
        <test-method signature="veryfyHRMLogin(java.lang.String,java.lang.String,java.lang.String)[pri:0, instance:testCases.UseCase_2@4c12331b]" started-at="2024-12-01T21:11:44 IST" name="veryfyHRMLogin" data-provider="LoginData" finished-at="2024-12-01T21:11:56 IST" duration-ms="11595" status="PASS">
          <params>
            <param index="0">
              <value>
                <![CDATA[Admin]]>
              </value>
            </param>
            <param index="1">
              <value>
                <![CDATA[admin@123]]>
              </value>
            </param>
            <param index="2">
              <value>
                <![CDATA[invalid]]>
              </value>
            </param>
          </params>
          <reporter-output>
          </reporter-output>
        </test-method> <!-- veryfyHRMLogin -->
        <test-method signature="veryfyHRMLogin(java.lang.String,java.lang.String,java.lang.String)[pri:0, instance:testCases.UseCase_2@4c12331b]" started-at="2024-12-01T21:11:56 IST" name="veryfyHRMLogin" data-provider="LoginData" finished-at="2024-12-01T21:12:07 IST" duration-ms="11582" status="PASS">
          <params>
            <param index="0">
              <value>
                <![CDATA[admin]]>
              </value>
            </param>
            <param index="1">
              <value>
                <![CDATA[admin@123]]>
              </value>
            </param>
            <param index="2">
              <value>
                <![CDATA[invalid]]>
              </value>
            </param>
          </params>
          <reporter-output>
          </reporter-output>
        </test-method> <!-- veryfyHRMLogin -->
        <test-method is-config="true" signature="tearDown()[pri:0, instance:testCases.UseCase_2@4c12331b]" started-at="2024-12-01T21:12:07 IST" name="tearDown" finished-at="2024-12-01T21:12:08 IST" duration-ms="190" status="PASS">
          <reporter-output>
          </reporter-output>
        </test-method> <!-- tearDown -->
      </class> <!-- testCases.UseCase_2 -->
    </test> <!-- Test -->
  </suite> <!-- Suite -->
</testng-results>
